[convergence] GT Hellinger (MC likelihood) n_bins=10 n_mc=500 (n_bins*n_mc=5000 <= n_ref=5000) wall time: 0.1s (H track uses sqrt(H^2) vs sqrt(binned h_sym))
[convergence] GT one-sided mean LLR (MC likelihood) n_bins=10 n_mc=500 wall time: 0.1s (LLR track: E_x[log p(x|θ_j)-log p(x|θ_i)] vs binned ΔL).
[convergence] sweep n in --n-list: --theta-field-method=linear_x_flow_low_rank (low-rank A (rank=4); shared linear A x plus theta-MLP offset FM)
[convergence] linear_x_flow_low_rank mode trains v(x,theta)=A x + b_phi(theta), then uses the induced Gaussian with theta-dependent mean and shared covariance for C[i,j]=log p(x_i|theta_j), DeltaL=C-diag(C), and H via 1-sech(DeltaL/2).
[convergence] n_ref reference: no learned H training at n_ref; matrix-panel top row = MC GT sqrt(H^2); pairwise decoding from n_ref subset only.
[convergence] reference dir (decoding-only artifacts) n=5000 -> /nfshome/zeyuan/score-matching-fisher/h_decoding_conv_cosine_gaussian_sqrtd_xdim50_linear_x_flow_low_rank_20260429-115835/reference
[convergence] n_list=[80, 200, 400, 600]
[convergence] reference (GT + decoding) wall time: 0.1s
[convergence] per-n training sweep is enabled; collecting training_losses from each run artifact.
[linear_x_flow    1/2000] train_fm=2.006510 val_fm=2.054283 val_smooth=2.054283 best_smooth=2.054283 best_epoch=1
[linear_x_flow    5/2000] train_fm=1.922060 val_fm=2.116020 val_smooth=2.063777 best_smooth=2.054283 best_epoch=1
[linear_x_flow   10/2000] train_fm=2.001000 val_fm=2.262863 val_smooth=2.077690 best_smooth=2.054283 best_epoch=1
[linear_x_flow   15/2000] train_fm=1.985604 val_fm=2.011623 val_smooth=2.069359 best_smooth=2.054283 best_epoch=1
[linear_x_flow   20/2000] train_fm=1.965110 val_fm=2.118380 val_smooth=2.062417 best_smooth=2.054283 best_epoch=1
[linear_x_flow   25/2000] train_fm=1.981079 val_fm=1.982339 val_smooth=2.060589 best_smooth=2.054283 best_epoch=1
[linear_x_flow   30/2000] train_fm=1.920052 val_fm=2.016693 val_smooth=2.061865 best_smooth=2.054283 best_epoch=1
[linear_x_flow   35/2000] train_fm=1.979278 val_fm=2.040619 val_smooth=2.058865 best_smooth=2.054283 best_epoch=1
[linear_x_flow   40/2000] train_fm=2.051887 val_fm=2.204901 val_smooth=2.067952 best_smooth=2.054283 best_epoch=1
[linear_x_flow   45/2000] train_fm=1.989262 val_fm=2.093739 val_smooth=2.082015 best_smooth=2.054283 best_epoch=1
[linear_x_flow   50/2000] train_fm=1.978093 val_fm=2.004595 val_smooth=2.082357 best_smooth=2.054283 best_epoch=1
[linear_x_flow   55/2000] train_fm=1.997530 val_fm=2.031227 val_smooth=2.087150 best_smooth=2.054283 best_epoch=1
[linear_x_flow   60/2000] train_fm=1.947085 val_fm=2.129293 val_smooth=2.093433 best_smooth=2.054283 best_epoch=1
[linear_x_flow   65/2000] train_fm=1.973739 val_fm=2.226817 val_smooth=2.094937 best_smooth=2.054283 best_epoch=1
[linear_x_flow   70/2000] train_fm=1.932551 val_fm=2.070592 val_smooth=2.100926 best_smooth=2.054283 best_epoch=1
[linear_x_flow   75/2000] train_fm=1.959411 val_fm=2.062980 val_smooth=2.083434 best_smooth=2.054283 best_epoch=1
[linear_x_flow   80/2000] train_fm=1.921567 val_fm=2.066434 val_smooth=2.079472 best_smooth=2.054283 best_epoch=1
[linear_x_flow   85/2000] train_fm=1.925163 val_fm=2.083849 val_smooth=2.079120 best_smooth=2.054283 best_epoch=1
[linear_x_flow   90/2000] train_fm=1.922760 val_fm=2.045727 val_smooth=2.084774 best_smooth=2.054283 best_epoch=1
[linear_x_flow   95/2000] train_fm=1.954632 val_fm=2.093457 val_smooth=2.081329 best_smooth=2.054283 best_epoch=1
[linear_x_flow  100/2000] train_fm=1.961667 val_fm=2.084632 val_smooth=2.077527 best_smooth=2.054283 best_epoch=1
[linear_x_flow  105/2000] train_fm=1.968882 val_fm=2.095763 val_smooth=2.081819 best_smooth=2.054283 best_epoch=1
[linear_x_flow  110/2000] train_fm=1.862742 val_fm=2.103053 val_smooth=2.087543 best_smooth=2.054283 best_epoch=1
[linear_x_flow  115/2000] train_fm=1.930201 val_fm=2.087211 val_smooth=2.093143 best_smooth=2.054283 best_epoch=1
[linear_x_flow  120/2000] train_fm=1.982880 val_fm=2.021520 val_smooth=2.088957 best_smooth=2.054283 best_epoch=1
[linear_x_flow  125/2000] train_fm=1.992202 val_fm=2.336329 val_smooth=2.094358 best_smooth=2.054283 best_epoch=1
[linear_x_flow  130/2000] train_fm=1.961713 val_fm=2.071420 val_smooth=2.098972 best_smooth=2.054283 best_epoch=1
[linear_x_flow  135/2000] train_fm=1.961548 val_fm=1.965724 val_smooth=2.086925 best_smooth=2.054283 best_epoch=1
[linear_x_flow  140/2000] train_fm=2.006887 val_fm=2.000250 val_smooth=2.077518 best_smooth=2.054283 best_epoch=1
[linear_x_flow  145/2000] train_fm=1.932804 val_fm=1.999600 val_smooth=2.074738 best_smooth=2.054283 best_epoch=1
[linear_x_flow  150/2000] train_fm=2.002190 val_fm=2.081623 val_smooth=2.073571 best_smooth=2.054283 best_epoch=1
[linear_x_flow  155/2000] train_fm=1.898908 val_fm=2.138700 val_smooth=2.071635 best_smooth=2.054283 best_epoch=1
[linear_x_flow  160/2000] train_fm=1.911114 val_fm=2.167180 val_smooth=2.089709 best_smooth=2.054283 best_epoch=1
[linear_x_flow  165/2000] train_fm=1.905115 val_fm=2.080037 val_smooth=2.080692 best_smooth=2.054283 best_epoch=1
[linear_x_flow  170/2000] train_fm=2.051630 val_fm=2.045628 val_smooth=2.087151 best_smooth=2.054283 best_epoch=1
[linear_x_flow  175/2000] train_fm=1.945813 val_fm=2.087663 val_smooth=2.080242 best_smooth=2.054283 best_epoch=1
[linear_x_flow  180/2000] train_fm=1.998306 val_fm=2.096750 val_smooth=2.085145 best_smooth=2.054283 best_epoch=1
[linear_x_flow  185/2000] train_fm=1.910505 val_fm=2.045917 val_smooth=2.084337 best_smooth=2.054283 best_epoch=1
[linear_x_flow  190/2000] train_fm=2.002667 val_fm=2.047248 val_smooth=2.083253 best_smooth=2.054283 best_epoch=1
[linear_x_flow  195/2000] train_fm=1.931196 val_fm=2.137114 val_smooth=2.092959 best_smooth=2.054283 best_epoch=1
[linear_x_flow  200/2000] train_fm=2.011741 val_fm=2.068773 val_smooth=2.097310 best_smooth=2.054283 best_epoch=1
[linear_x_flow  205/2000] train_fm=1.901418 val_fm=2.200814 val_smooth=2.104153 best_smooth=2.054283 best_epoch=1
[linear_x_flow  210/2000] train_fm=1.981133 val_fm=2.070210 val_smooth=2.118322 best_smooth=2.054283 best_epoch=1
[linear_x_flow  215/2000] train_fm=1.907710 val_fm=2.116525 val_smooth=2.104904 best_smooth=2.054283 best_epoch=1
[linear_x_flow  220/2000] train_fm=1.992955 val_fm=2.043652 val_smooth=2.106974 best_smooth=2.054283 best_epoch=1
[linear_x_flow  225/2000] train_fm=1.941880 val_fm=2.130832 val_smooth=2.091572 best_smooth=2.054283 best_epoch=1
[linear_x_flow  230/2000] train_fm=1.894381 val_fm=2.252195 val_smooth=2.105219 best_smooth=2.054283 best_epoch=1
[linear_x_flow  235/2000] train_fm=1.842458 val_fm=2.163714 val_smooth=2.106900 best_smooth=2.054283 best_epoch=1
[linear_x_flow  240/2000] train_fm=1.942552 val_fm=2.085365 val_smooth=2.101082 best_smooth=2.054283 best_epoch=1
[linear_x_flow  245/2000] train_fm=1.902687 val_fm=1.998917 val_smooth=2.096915 best_smooth=2.054283 best_epoch=1
[linear_x_flow  250/2000] train_fm=1.885497 val_fm=2.141997 val_smooth=2.101038 best_smooth=2.054283 best_epoch=1
[linear_x_flow  255/2000] train_fm=1.906469 val_fm=2.129919 val_smooth=2.104567 best_smooth=2.054283 best_epoch=1
[linear_x_flow  260/2000] train_fm=2.002254 val_fm=2.089279 val_smooth=2.096724 best_smooth=2.054283 best_epoch=1
[linear_x_flow  265/2000] train_fm=1.912713 val_fm=2.195213 val_smooth=2.109838 best_smooth=2.054283 best_epoch=1
[linear_x_flow  270/2000] train_fm=1.895618 val_fm=2.194291 val_smooth=2.119814 best_smooth=2.054283 best_epoch=1
[linear_x_flow  275/2000] train_fm=1.994099 val_fm=2.131899 val_smooth=2.115969 best_smooth=2.054283 best_epoch=1
[linear_x_flow  280/2000] train_fm=1.933484 val_fm=2.078003 val_smooth=2.113731 best_smooth=2.054283 best_epoch=1
[linear_x_flow  285/2000] train_fm=1.932350 val_fm=2.134013 val_smooth=2.113166 best_smooth=2.054283 best_epoch=1
[linear_x_flow  290/2000] train_fm=1.905732 val_fm=2.003706 val_smooth=2.103413 best_smooth=2.054283 best_epoch=1
[linear_x_flow  295/2000] train_fm=1.959970 val_fm=2.030365 val_smooth=2.085848 best_smooth=2.054283 best_epoch=1
[linear_x_flow  300/2000] train_fm=1.951788 val_fm=2.115654 val_smooth=2.090017 best_smooth=2.054283 best_epoch=1
[linear_x_flow early-stop] epoch=301 best_epoch=1 best_smooth=2.054283 patience=300
[linear_x_flow restore-best] restored epoch=1 val_smooth=2.054283
[convergence] fixed-x diagnostic -> /nfshome/zeyuan/score-matching-fisher/h_decoding_conv_cosine_gaussian_sqrtd_xdim50_linear_x_flow_low_rank_20260429-115835/sweep_runs/n_000080/diagnostics/theta_flow_single_x_posterior_hist.png
[convergence] n=80  corr_h=-0.1384  corr_clf=0.3630  corr_llr=0.0011  wall=3.7s
[convergence] n=80 training_loss copied -> /nfshome/zeyuan/score-matching-fisher/h_decoding_conv_cosine_gaussian_sqrtd_xdim50_linear_x_flow_low_rank_20260429-115835/training_losses/n_000080.npz
[linear_x_flow    1/2000] train_fm=2.022813 val_fm=2.148232 val_smooth=2.148232 best_smooth=2.148232 best_epoch=1
[linear_x_flow    5/2000] train_fm=1.978362 val_fm=2.118186 val_smooth=2.142101 best_smooth=2.142101 best_epoch=5
[linear_x_flow   10/2000] train_fm=1.992049 val_fm=2.108493 val_smooth=2.136906 best_smooth=2.136906 best_epoch=10
[linear_x_flow   15/2000] train_fm=2.013525 val_fm=2.059406 val_smooth=2.127733 best_smooth=2.127733 best_epoch=15
[linear_x_flow   20/2000] train_fm=1.959210 val_fm=2.142321 val_smooth=2.126432 best_smooth=2.124141 best_epoch=17
[linear_x_flow   25/2000] train_fm=2.048309 val_fm=2.102039 val_smooth=2.121015 best_smooth=2.121015 best_epoch=25
[linear_x_flow   30/2000] train_fm=1.930359 val_fm=2.127533 val_smooth=2.120677 best_smooth=2.118292 best_epoch=26
[linear_x_flow   35/2000] train_fm=1.983673 val_fm=2.126831 val_smooth=2.110797 best_smooth=2.109953 best_epoch=34
[linear_x_flow   40/2000] train_fm=2.011889 val_fm=2.143432 val_smooth=2.120574 best_smooth=2.109953 best_epoch=34
[linear_x_flow   45/2000] train_fm=1.987319 val_fm=2.090646 val_smooth=2.127254 best_smooth=2.109953 best_epoch=34
[linear_x_flow   50/2000] train_fm=2.007105 val_fm=2.146999 val_smooth=2.122358 best_smooth=2.109953 best_epoch=34
[linear_x_flow   55/2000] train_fm=1.948399 val_fm=2.070056 val_smooth=2.122961 best_smooth=2.109953 best_epoch=34
[linear_x_flow   60/2000] train_fm=1.946214 val_fm=2.107507 val_smooth=2.124471 best_smooth=2.109953 best_epoch=34
[linear_x_flow   65/2000] train_fm=2.009763 val_fm=2.086603 val_smooth=2.121174 best_smooth=2.109953 best_epoch=34
[linear_x_flow   70/2000] train_fm=1.974810 val_fm=2.079147 val_smooth=2.120308 best_smooth=2.109953 best_epoch=34
[linear_x_flow   75/2000] train_fm=2.004904 val_fm=2.216818 val_smooth=2.128923 best_smooth=2.109953 best_epoch=34
[linear_x_flow   80/2000] train_fm=2.018573 val_fm=2.129406 val_smooth=2.124351 best_smooth=2.109953 best_epoch=34
[linear_x_flow   85/2000] train_fm=1.972523 val_fm=2.191594 val_smooth=2.118460 best_smooth=2.109953 best_epoch=34
[linear_x_flow   90/2000] train_fm=1.984982 val_fm=2.115882 val_smooth=2.117154 best_smooth=2.109953 best_epoch=34
[linear_x_flow   95/2000] train_fm=1.954648 val_fm=2.147575 val_smooth=2.112046 best_smooth=2.109953 best_epoch=34
[linear_x_flow  100/2000] train_fm=1.984949 val_fm=2.210117 val_smooth=2.112251 best_smooth=2.107100 best_epoch=99
[linear_x_flow  105/2000] train_fm=2.018398 val_fm=2.123060 val_smooth=2.109466 best_smooth=2.107100 best_epoch=99
[linear_x_flow  110/2000] train_fm=1.989540 val_fm=2.151419 val_smooth=2.114681 best_smooth=2.107100 best_epoch=99
[linear_x_flow  115/2000] train_fm=2.054724 val_fm=2.108015 val_smooth=2.110719 best_smooth=2.107100 best_epoch=99
[linear_x_flow  120/2000] train_fm=1.982080 val_fm=2.127347 val_smooth=2.115805 best_smooth=2.107100 best_epoch=99
[linear_x_flow  125/2000] train_fm=1.987840 val_fm=2.141613 val_smooth=2.119822 best_smooth=2.107100 best_epoch=99
[linear_x_flow  130/2000] train_fm=2.023365 val_fm=2.140128 val_smooth=2.118742 best_smooth=2.107100 best_epoch=99
[linear_x_flow  135/2000] train_fm=1.983169 val_fm=2.103001 val_smooth=2.125346 best_smooth=2.107100 best_epoch=99
[linear_x_flow  140/2000] train_fm=1.973803 val_fm=2.226912 val_smooth=2.130641 best_smooth=2.107100 best_epoch=99
[linear_x_flow  145/2000] train_fm=1.950943 val_fm=2.161126 val_smooth=2.133457 best_smooth=2.107100 best_epoch=99
[linear_x_flow  150/2000] train_fm=1.981097 val_fm=2.157871 val_smooth=2.135011 best_smooth=2.107100 best_epoch=99
[linear_x_flow  155/2000] train_fm=1.963210 val_fm=2.026162 val_smooth=2.127404 best_smooth=2.107100 best_epoch=99
[linear_x_flow  160/2000] train_fm=1.941877 val_fm=2.184956 val_smooth=2.129313 best_smooth=2.107100 best_epoch=99
[linear_x_flow  165/2000] train_fm=2.011956 val_fm=2.098928 val_smooth=2.125007 best_smooth=2.107100 best_epoch=99
[linear_x_flow  170/2000] train_fm=1.975440 val_fm=2.199099 val_smooth=2.126159 best_smooth=2.107100 best_epoch=99
[linear_x_flow  175/2000] train_fm=1.979586 val_fm=2.152198 val_smooth=2.122431 best_smooth=2.107100 best_epoch=99
[linear_x_flow  180/2000] train_fm=1.950786 val_fm=2.116009 val_smooth=2.112047 best_smooth=2.107100 best_epoch=99
[linear_x_flow  185/2000] train_fm=1.958891 val_fm=2.116462 val_smooth=2.116094 best_smooth=2.107100 best_epoch=99
[linear_x_flow  190/2000] train_fm=1.942817 val_fm=2.106230 val_smooth=2.109905 best_smooth=2.107100 best_epoch=99
[linear_x_flow  195/2000] train_fm=1.957739 val_fm=2.073864 val_smooth=2.107157 best_smooth=2.107100 best_epoch=99
[linear_x_flow  200/2000] train_fm=2.021476 val_fm=2.217931 val_smooth=2.115290 best_smooth=2.104660 best_epoch=197
[linear_x_flow  205/2000] train_fm=1.960236 val_fm=2.102334 val_smooth=2.111668 best_smooth=2.104660 best_epoch=197
[linear_x_flow  210/2000] train_fm=1.983090 val_fm=2.138172 val_smooth=2.117628 best_smooth=2.104660 best_epoch=197
[linear_x_flow  215/2000] train_fm=1.979747 val_fm=2.083635 val_smooth=2.118749 best_smooth=2.104660 best_epoch=197
[linear_x_flow  220/2000] train_fm=1.993997 val_fm=2.100784 val_smooth=2.115328 best_smooth=2.104660 best_epoch=197
[linear_x_flow  225/2000] train_fm=1.974497 val_fm=2.181329 val_smooth=2.115516 best_smooth=2.104660 best_epoch=197
[linear_x_flow  230/2000] train_fm=1.962541 val_fm=2.076618 val_smooth=2.113409 best_smooth=2.104660 best_epoch=197
[linear_x_flow  235/2000] train_fm=2.018063 val_fm=2.142020 val_smooth=2.116533 best_smooth=2.104660 best_epoch=197
[linear_x_flow  240/2000] train_fm=1.947926 val_fm=2.060124 val_smooth=2.115652 best_smooth=2.104660 best_epoch=197
[linear_x_flow  245/2000] train_fm=1.970778 val_fm=2.148695 val_smooth=2.111119 best_smooth=2.104660 best_epoch=197
[linear_x_flow  250/2000] train_fm=1.963940 val_fm=2.074664 val_smooth=2.110437 best_smooth=2.104660 best_epoch=197
[linear_x_flow  255/2000] train_fm=1.950193 val_fm=2.117352 val_smooth=2.111152 best_smooth=2.104660 best_epoch=197
[linear_x_flow  260/2000] train_fm=1.975813 val_fm=2.128443 val_smooth=2.112230 best_smooth=2.104660 best_epoch=197
[linear_x_flow  265/2000] train_fm=1.938061 val_fm=2.109712 val_smooth=2.105686 best_smooth=2.103286 best_epoch=262
[linear_x_flow  270/2000] train_fm=1.941366 val_fm=2.114732 val_smooth=2.109155 best_smooth=2.103286 best_epoch=262
[linear_x_flow  275/2000] train_fm=1.939712 val_fm=2.186857 val_smooth=2.107785 best_smooth=2.103286 best_epoch=262
[linear_x_flow  280/2000] train_fm=1.987404 val_fm=2.200643 val_smooth=2.114830 best_smooth=2.103286 best_epoch=262
[linear_x_flow  285/2000] train_fm=1.950750 val_fm=2.094015 val_smooth=2.112118 best_smooth=2.103286 best_epoch=262
[linear_x_flow  290/2000] train_fm=1.939172 val_fm=2.090091 val_smooth=2.110339 best_smooth=2.103286 best_epoch=262
[linear_x_flow  295/2000] train_fm=1.936700 val_fm=2.108057 val_smooth=2.115421 best_smooth=2.103286 best_epoch=262
[linear_x_flow  300/2000] train_fm=1.963929 val_fm=2.064337 val_smooth=2.107676 best_smooth=2.103286 best_epoch=262
[linear_x_flow  305/2000] train_fm=2.017435 val_fm=2.076782 val_smooth=2.111879 best_smooth=2.103286 best_epoch=262
[linear_x_flow  310/2000] train_fm=1.950768 val_fm=2.127105 val_smooth=2.104035 best_smooth=2.102821 best_epoch=309
[linear_x_flow  315/2000] train_fm=1.951629 val_fm=2.160268 val_smooth=2.105617 best_smooth=2.102821 best_epoch=309
[linear_x_flow  320/2000] train_fm=1.931110 val_fm=2.155726 val_smooth=2.101382 best_smooth=2.098522 best_epoch=319
[linear_x_flow  325/2000] train_fm=1.905379 val_fm=2.169242 val_smooth=2.115445 best_smooth=2.098522 best_epoch=319
[linear_x_flow  330/2000] train_fm=1.979590 val_fm=2.227618 val_smooth=2.116873 best_smooth=2.098522 best_epoch=319
[linear_x_flow  335/2000] train_fm=1.967447 val_fm=2.213655 val_smooth=2.118524 best_smooth=2.098522 best_epoch=319
[linear_x_flow  340/2000] train_fm=1.969325 val_fm=2.178375 val_smooth=2.128189 best_smooth=2.098522 best_epoch=319
[linear_x_flow  345/2000] train_fm=1.978813 val_fm=2.063457 val_smooth=2.120310 best_smooth=2.098522 best_epoch=319
[linear_x_flow  350/2000] train_fm=1.993401 val_fm=2.174654 val_smooth=2.121072 best_smooth=2.098522 best_epoch=319
[linear_x_flow  355/2000] train_fm=1.984192 val_fm=2.143908 val_smooth=2.128104 best_smooth=2.098522 best_epoch=319
[linear_x_flow  360/2000] train_fm=1.948903 val_fm=2.152860 val_smooth=2.124965 best_smooth=2.098522 best_epoch=319
[linear_x_flow  365/2000] train_fm=1.962321 val_fm=2.112404 val_smooth=2.124932 best_smooth=2.098522 best_epoch=319
[linear_x_flow  370/2000] train_fm=1.941953 val_fm=2.120442 val_smooth=2.132148 best_smooth=2.098522 best_epoch=319
[linear_x_flow  375/2000] train_fm=1.952663 val_fm=2.082923 val_smooth=2.126398 best_smooth=2.098522 best_epoch=319
[linear_x_flow  380/2000] train_fm=1.976451 val_fm=2.138126 val_smooth=2.122645 best_smooth=2.098522 best_epoch=319
[linear_x_flow  385/2000] train_fm=1.963639 val_fm=2.188965 val_smooth=2.120930 best_smooth=2.098522 best_epoch=319
[linear_x_flow  390/2000] train_fm=1.967845 val_fm=2.097239 val_smooth=2.124836 best_smooth=2.098522 best_epoch=319
[linear_x_flow  395/2000] train_fm=1.920463 val_fm=2.113097 val_smooth=2.120844 best_smooth=2.098522 best_epoch=319
[linear_x_flow  400/2000] train_fm=1.928051 val_fm=2.159988 val_smooth=2.118418 best_smooth=2.098522 best_epoch=319
[linear_x_flow  405/2000] train_fm=1.974673 val_fm=2.210484 val_smooth=2.127395 best_smooth=2.098522 best_epoch=319
[linear_x_flow  410/2000] train_fm=1.981928 val_fm=2.042863 val_smooth=2.122465 best_smooth=2.098522 best_epoch=319
[linear_x_flow  415/2000] train_fm=1.977338 val_fm=2.165166 val_smooth=2.128610 best_smooth=2.098522 best_epoch=319
[linear_x_flow  420/2000] train_fm=1.935465 val_fm=2.187077 val_smooth=2.136159 best_smooth=2.098522 best_epoch=319
[linear_x_flow  425/2000] train_fm=1.916381 val_fm=2.107919 val_smooth=2.138616 best_smooth=2.098522 best_epoch=319
[linear_x_flow  430/2000] train_fm=1.959819 val_fm=2.109483 val_smooth=2.136126 best_smooth=2.098522 best_epoch=319
[linear_x_flow  435/2000] train_fm=1.960272 val_fm=2.160334 val_smooth=2.135894 best_smooth=2.098522 best_epoch=319
[linear_x_flow  440/2000] train_fm=1.946646 val_fm=2.095716 val_smooth=2.131223 best_smooth=2.098522 best_epoch=319
[linear_x_flow  445/2000] train_fm=1.961458 val_fm=2.051972 val_smooth=2.125704 best_smooth=2.098522 best_epoch=319
[linear_x_flow  450/2000] train_fm=1.945113 val_fm=2.169882 val_smooth=2.126688 best_smooth=2.098522 best_epoch=319
[linear_x_flow  455/2000] train_fm=1.921119 val_fm=2.191197 val_smooth=2.132182 best_smooth=2.098522 best_epoch=319
[linear_x_flow  460/2000] train_fm=1.924671 val_fm=2.108535 val_smooth=2.126974 best_smooth=2.098522 best_epoch=319
[linear_x_flow  465/2000] train_fm=1.966397 val_fm=2.117679 val_smooth=2.131649 best_smooth=2.098522 best_epoch=319
[linear_x_flow  470/2000] train_fm=1.991493 val_fm=2.045399 val_smooth=2.125300 best_smooth=2.098522 best_epoch=319
[linear_x_flow  475/2000] train_fm=1.943681 val_fm=2.132470 val_smooth=2.124069 best_smooth=2.098522 best_epoch=319
[linear_x_flow  480/2000] train_fm=1.925806 val_fm=2.075790 val_smooth=2.120534 best_smooth=2.098522 best_epoch=319
[linear_x_flow  485/2000] train_fm=1.934823 val_fm=2.050740 val_smooth=2.118984 best_smooth=2.098522 best_epoch=319
[linear_x_flow  490/2000] train_fm=1.961825 val_fm=2.071944 val_smooth=2.113541 best_smooth=2.098522 best_epoch=319
[linear_x_flow  495/2000] train_fm=1.951216 val_fm=2.037663 val_smooth=2.107005 best_smooth=2.098522 best_epoch=319
[linear_x_flow  500/2000] train_fm=1.939172 val_fm=2.127083 val_smooth=2.115733 best_smooth=2.098522 best_epoch=319
[linear_x_flow  505/2000] train_fm=1.930613 val_fm=2.133779 val_smooth=2.117287 best_smooth=2.098522 best_epoch=319
[linear_x_flow  510/2000] train_fm=1.944183 val_fm=2.130596 val_smooth=2.114602 best_smooth=2.098522 best_epoch=319
[linear_x_flow  515/2000] train_fm=1.949094 val_fm=2.130285 val_smooth=2.114066 best_smooth=2.098522 best_epoch=319
[linear_x_flow  520/2000] train_fm=1.959198 val_fm=2.125093 val_smooth=2.113919 best_smooth=2.098522 best_epoch=319
[linear_x_flow  525/2000] train_fm=1.941527 val_fm=2.175145 val_smooth=2.118304 best_smooth=2.098522 best_epoch=319
[linear_x_flow  530/2000] train_fm=1.983532 val_fm=2.132360 val_smooth=2.118682 best_smooth=2.098522 best_epoch=319
[linear_x_flow  535/2000] train_fm=1.910844 val_fm=2.068253 val_smooth=2.113732 best_smooth=2.098522 best_epoch=319
[linear_x_flow  540/2000] train_fm=1.965017 val_fm=2.067843 val_smooth=2.111712 best_smooth=2.098522 best_epoch=319
[linear_x_flow  545/2000] train_fm=1.929032 val_fm=2.122116 val_smooth=2.118270 best_smooth=2.098522 best_epoch=319
[linear_x_flow  550/2000] train_fm=1.939538 val_fm=2.101469 val_smooth=2.116000 best_smooth=2.098522 best_epoch=319
[linear_x_flow  555/2000] train_fm=1.964513 val_fm=2.159296 val_smooth=2.116261 best_smooth=2.098522 best_epoch=319
[linear_x_flow  560/2000] train_fm=1.986527 val_fm=2.131224 val_smooth=2.114378 best_smooth=2.098522 best_epoch=319
[linear_x_flow  565/2000] train_fm=1.947226 val_fm=2.097641 val_smooth=2.114829 best_smooth=2.098522 best_epoch=319
[linear_x_flow  570/2000] train_fm=1.926418 val_fm=2.154242 val_smooth=2.115087 best_smooth=2.098522 best_epoch=319
[linear_x_flow  575/2000] train_fm=1.924872 val_fm=2.151802 val_smooth=2.115436 best_smooth=2.098522 best_epoch=319
[linear_x_flow  580/2000] train_fm=1.948348 val_fm=2.109778 val_smooth=2.109006 best_smooth=2.098522 best_epoch=319
[linear_x_flow  585/2000] train_fm=1.918370 val_fm=2.146569 val_smooth=2.105787 best_smooth=2.098522 best_epoch=319
[linear_x_flow  590/2000] train_fm=1.962196 val_fm=2.067684 val_smooth=2.111333 best_smooth=2.098522 best_epoch=319
[linear_x_flow  595/2000] train_fm=1.943608 val_fm=2.077919 val_smooth=2.111944 best_smooth=2.098522 best_epoch=319
[linear_x_flow  600/2000] train_fm=1.935739 val_fm=2.053151 val_smooth=2.108753 best_smooth=2.098522 best_epoch=319
[linear_x_flow  605/2000] train_fm=1.985710 val_fm=2.058704 val_smooth=2.102288 best_smooth=2.098522 best_epoch=319
[linear_x_flow  610/2000] train_fm=1.895653 val_fm=2.108478 val_smooth=2.094586 best_smooth=2.093854 best_epoch=609
[linear_x_flow  615/2000] train_fm=1.939108 val_fm=2.077278 val_smooth=2.090887 best_smooth=2.089513 best_epoch=613
[linear_x_flow  620/2000] train_fm=1.987881 val_fm=2.163949 val_smooth=2.097114 best_smooth=2.089130 best_epoch=616
[linear_x_flow  625/2000] train_fm=1.957978 val_fm=2.158458 val_smooth=2.096714 best_smooth=2.089130 best_epoch=616
[linear_x_flow  630/2000] train_fm=1.960809 val_fm=2.135790 val_smooth=2.098712 best_smooth=2.089130 best_epoch=616
[linear_x_flow  635/2000] train_fm=1.973775 val_fm=2.063346 val_smooth=2.106508 best_smooth=2.089130 best_epoch=616
[linear_x_flow  640/2000] train_fm=1.931007 val_fm=2.103153 val_smooth=2.113037 best_smooth=2.089130 best_epoch=616
[linear_x_flow  645/2000] train_fm=1.939227 val_fm=2.046119 val_smooth=2.117947 best_smooth=2.089130 best_epoch=616
[linear_x_flow  650/2000] train_fm=1.963367 val_fm=2.042250 val_smooth=2.108263 best_smooth=2.089130 best_epoch=616
[linear_x_flow  655/2000] train_fm=1.944363 val_fm=2.156133 val_smooth=2.116884 best_smooth=2.089130 best_epoch=616
[linear_x_flow  660/2000] train_fm=1.910552 val_fm=2.201979 val_smooth=2.122562 best_smooth=2.089130 best_epoch=616
[linear_x_flow  665/2000] train_fm=1.944003 val_fm=2.062794 val_smooth=2.116212 best_smooth=2.089130 best_epoch=616
[linear_x_flow  670/2000] train_fm=1.949528 val_fm=2.101476 val_smooth=2.111987 best_smooth=2.089130 best_epoch=616
[linear_x_flow  675/2000] train_fm=1.968529 val_fm=2.138947 val_smooth=2.121241 best_smooth=2.089130 best_epoch=616
[linear_x_flow  680/2000] train_fm=1.983442 val_fm=2.058466 val_smooth=2.115158 best_smooth=2.089130 best_epoch=616
[linear_x_flow  685/2000] train_fm=1.917268 val_fm=2.143954 val_smooth=2.114491 best_smooth=2.089130 best_epoch=616
[linear_x_flow  690/2000] train_fm=1.975438 val_fm=2.082447 val_smooth=2.115507 best_smooth=2.089130 best_epoch=616
[linear_x_flow  695/2000] train_fm=1.966451 val_fm=2.102005 val_smooth=2.107276 best_smooth=2.089130 best_epoch=616
[linear_x_flow  700/2000] train_fm=1.954036 val_fm=2.111144 val_smooth=2.114878 best_smooth=2.089130 best_epoch=616
[linear_x_flow  705/2000] train_fm=1.948527 val_fm=2.096459 val_smooth=2.111409 best_smooth=2.089130 best_epoch=616
[linear_x_flow  710/2000] train_fm=1.916655 val_fm=2.148475 val_smooth=2.110431 best_smooth=2.089130 best_epoch=616
[linear_x_flow  715/2000] train_fm=1.902701 val_fm=2.070282 val_smooth=2.110265 best_smooth=2.089130 best_epoch=616
[linear_x_flow  720/2000] train_fm=1.940191 val_fm=2.121999 val_smooth=2.111392 best_smooth=2.089130 best_epoch=616
[linear_x_flow  725/2000] train_fm=1.934833 val_fm=2.124650 val_smooth=2.113184 best_smooth=2.089130 best_epoch=616
[linear_x_flow  730/2000] train_fm=1.904552 val_fm=2.105290 val_smooth=2.115955 best_smooth=2.089130 best_epoch=616
[linear_x_flow  735/2000] train_fm=1.979604 val_fm=2.106736 val_smooth=2.118382 best_smooth=2.089130 best_epoch=616
[linear_x_flow  740/2000] train_fm=1.909982 val_fm=2.053687 val_smooth=2.111118 best_smooth=2.089130 best_epoch=616
[linear_x_flow  745/2000] train_fm=1.876307 val_fm=2.173765 val_smooth=2.114435 best_smooth=2.089130 best_epoch=616
[linear_x_flow  750/2000] train_fm=1.948377 val_fm=2.161145 val_smooth=2.111362 best_smooth=2.089130 best_epoch=616
[linear_x_flow  755/2000] train_fm=1.934013 val_fm=2.142934 val_smooth=2.111611 best_smooth=2.089130 best_epoch=616
[linear_x_flow  760/2000] train_fm=1.926618 val_fm=2.107956 val_smooth=2.110990 best_smooth=2.089130 best_epoch=616
[linear_x_flow  765/2000] train_fm=1.895214 val_fm=2.194523 val_smooth=2.114695 best_smooth=2.089130 best_epoch=616
[linear_x_flow  770/2000] train_fm=1.946566 val_fm=2.060079 val_smooth=2.109472 best_smooth=2.089130 best_epoch=616
[linear_x_flow  775/2000] train_fm=1.927620 val_fm=2.202744 val_smooth=2.118317 best_smooth=2.089130 best_epoch=616
[linear_x_flow  780/2000] train_fm=1.923025 val_fm=2.108586 val_smooth=2.121337 best_smooth=2.089130 best_epoch=616
[linear_x_flow  785/2000] train_fm=1.962338 val_fm=1.989159 val_smooth=2.112931 best_smooth=2.089130 best_epoch=616
[linear_x_flow  790/2000] train_fm=1.941762 val_fm=2.088490 val_smooth=2.119687 best_smooth=2.089130 best_epoch=616
[linear_x_flow  795/2000] train_fm=1.968898 val_fm=2.120013 val_smooth=2.120221 best_smooth=2.089130 best_epoch=616
[linear_x_flow  800/2000] train_fm=1.934604 val_fm=2.130680 val_smooth=2.119844 best_smooth=2.089130 best_epoch=616
[linear_x_flow  805/2000] train_fm=1.909120 val_fm=2.079760 val_smooth=2.114331 best_smooth=2.089130 best_epoch=616
[linear_x_flow  810/2000] train_fm=1.978436 val_fm=2.120520 val_smooth=2.125417 best_smooth=2.089130 best_epoch=616
[linear_x_flow  815/2000] train_fm=1.979640 val_fm=2.124463 val_smooth=2.122378 best_smooth=2.089130 best_epoch=616
[linear_x_flow  820/2000] train_fm=1.972623 val_fm=2.071619 val_smooth=2.113455 best_smooth=2.089130 best_epoch=616
[linear_x_flow  825/2000] train_fm=1.939047 val_fm=2.047830 val_smooth=2.112428 best_smooth=2.089130 best_epoch=616
[linear_x_flow  830/2000] train_fm=1.929796 val_fm=2.127775 val_smooth=2.114725 best_smooth=2.089130 best_epoch=616
[linear_x_flow  835/2000] train_fm=1.920564 val_fm=2.088506 val_smooth=2.106928 best_smooth=2.089130 best_epoch=616
[linear_x_flow  840/2000] train_fm=1.911209 val_fm=2.114176 val_smooth=2.105684 best_smooth=2.089130 best_epoch=616
[linear_x_flow  845/2000] train_fm=1.904780 val_fm=2.141503 val_smooth=2.115070 best_smooth=2.089130 best_epoch=616
[linear_x_flow  850/2000] train_fm=1.968274 val_fm=2.148376 val_smooth=2.119150 best_smooth=2.089130 best_epoch=616
[linear_x_flow  855/2000] train_fm=1.873509 val_fm=2.133539 val_smooth=2.110986 best_smooth=2.089130 best_epoch=616
[linear_x_flow  860/2000] train_fm=1.962987 val_fm=2.074125 val_smooth=2.105457 best_smooth=2.089130 best_epoch=616
[linear_x_flow  865/2000] train_fm=1.882676 val_fm=2.086762 val_smooth=2.102086 best_smooth=2.089130 best_epoch=616
[linear_x_flow  870/2000] train_fm=1.927231 val_fm=2.095824 val_smooth=2.106447 best_smooth=2.089130 best_epoch=616
[linear_x_flow  875/2000] train_fm=1.976954 val_fm=2.073899 val_smooth=2.107600 best_smooth=2.089130 best_epoch=616
[linear_x_flow  880/2000] train_fm=1.930532 val_fm=2.132258 val_smooth=2.107708 best_smooth=2.089130 best_epoch=616
[linear_x_flow  885/2000] train_fm=1.915409 val_fm=2.091235 val_smooth=2.114994 best_smooth=2.089130 best_epoch=616
[linear_x_flow  890/2000] train_fm=1.937083 val_fm=2.153960 val_smooth=2.118467 best_smooth=2.089130 best_epoch=616
[linear_x_flow  895/2000] train_fm=1.972282 val_fm=2.168975 val_smooth=2.115167 best_smooth=2.089130 best_epoch=616
[linear_x_flow  900/2000] train_fm=1.920632 val_fm=2.112002 val_smooth=2.115172 best_smooth=2.089130 best_epoch=616
[linear_x_flow  905/2000] train_fm=1.932840 val_fm=2.107463 val_smooth=2.117447 best_smooth=2.089130 best_epoch=616
[linear_x_flow  910/2000] train_fm=1.999696 val_fm=2.036993 val_smooth=2.104349 best_smooth=2.089130 best_epoch=616
[linear_x_flow  915/2000] train_fm=2.014397 val_fm=2.012733 val_smooth=2.099739 best_smooth=2.089130 best_epoch=616
[linear_x_flow early-stop] epoch=916 best_epoch=616 best_smooth=2.089130 patience=300
[linear_x_flow restore-best] restored epoch=616 val_smooth=2.089130
[convergence] fixed-x diagnostic -> /nfshome/zeyuan/score-matching-fisher/h_decoding_conv_cosine_gaussian_sqrtd_xdim50_linear_x_flow_low_rank_20260429-115835/sweep_runs/n_000200/diagnostics/theta_flow_single_x_posterior_hist.png
[convergence] n=200  corr_h=0.4525  corr_clf=0.4409  corr_llr=0.6413  wall=4.1s
[convergence] n=200 training_loss copied -> /nfshome/zeyuan/score-matching-fisher/h_decoding_conv_cosine_gaussian_sqrtd_xdim50_linear_x_flow_low_rank_20260429-115835/training_losses/n_000200.npz
[linear_x_flow    1/2000] train_fm=2.011661 val_fm=2.048891 val_smooth=2.048891 best_smooth=2.048891 best_epoch=1
[linear_x_flow    5/2000] train_fm=2.002648 val_fm=1.978294 val_smooth=2.038440 best_smooth=2.038440 best_epoch=5
[linear_x_flow   10/2000] train_fm=2.003031 val_fm=2.024753 val_smooth=2.033069 best_smooth=2.033069 best_epoch=10
[linear_x_flow   15/2000] train_fm=1.992415 val_fm=1.975603 val_smooth=2.024561 best_smooth=2.024561 best_epoch=15
[linear_x_flow   20/2000] train_fm=1.977011 val_fm=2.014916 val_smooth=2.021218 best_smooth=2.020690 best_epoch=17
[linear_x_flow   25/2000] train_fm=1.991553 val_fm=1.996369 val_smooth=2.017696 best_smooth=2.017696 best_epoch=25
[linear_x_flow   30/2000] train_fm=2.005755 val_fm=2.061998 val_smooth=2.018902 best_smooth=2.015332 best_epoch=28
[linear_x_flow   35/2000] train_fm=2.004168 val_fm=1.991998 val_smooth=2.013313 best_smooth=2.013313 best_epoch=35
[linear_x_flow   40/2000] train_fm=2.011658 val_fm=2.003903 val_smooth=2.010072 best_smooth=2.008143 best_epoch=38
[linear_x_flow   45/2000] train_fm=2.018743 val_fm=2.001085 val_smooth=2.008084 best_smooth=2.007975 best_epoch=43
[linear_x_flow   50/2000] train_fm=2.022765 val_fm=1.980694 val_smooth=2.003080 best_smooth=2.003080 best_epoch=50
[linear_x_flow   55/2000] train_fm=1.973727 val_fm=1.985938 val_smooth=2.002926 best_smooth=2.000082 best_epoch=51
[linear_x_flow   60/2000] train_fm=1.979076 val_fm=2.010761 val_smooth=2.003222 best_smooth=2.000082 best_epoch=51
[linear_x_flow   65/2000] train_fm=1.982738 val_fm=1.996086 val_smooth=2.002601 best_smooth=2.000082 best_epoch=51
[linear_x_flow   70/2000] train_fm=1.984366 val_fm=1.999365 val_smooth=2.001863 best_smooth=2.000082 best_epoch=51
[linear_x_flow   75/2000] train_fm=1.998743 val_fm=2.061975 val_smooth=2.008281 best_smooth=2.000082 best_epoch=51
[linear_x_flow   80/2000] train_fm=2.027407 val_fm=2.031758 val_smooth=2.009926 best_smooth=2.000082 best_epoch=51
[linear_x_flow   85/2000] train_fm=1.936373 val_fm=2.001253 val_smooth=2.010725 best_smooth=2.000082 best_epoch=51
[linear_x_flow   90/2000] train_fm=2.017891 val_fm=2.006453 val_smooth=2.010667 best_smooth=2.000082 best_epoch=51
[linear_x_flow   95/2000] train_fm=1.962401 val_fm=2.028711 val_smooth=2.018145 best_smooth=2.000082 best_epoch=51
[linear_x_flow  100/2000] train_fm=1.975704 val_fm=2.036282 val_smooth=2.018942 best_smooth=2.000082 best_epoch=51
[linear_x_flow  105/2000] train_fm=1.978776 val_fm=2.032950 val_smooth=2.019208 best_smooth=2.000082 best_epoch=51
[linear_x_flow  110/2000] train_fm=1.981861 val_fm=2.019888 val_smooth=2.017742 best_smooth=2.000082 best_epoch=51
[linear_x_flow  115/2000] train_fm=1.996958 val_fm=2.027556 val_smooth=2.022678 best_smooth=2.000082 best_epoch=51
[linear_x_flow  120/2000] train_fm=1.986939 val_fm=2.045148 val_smooth=2.024457 best_smooth=2.000082 best_epoch=51
[linear_x_flow  125/2000] train_fm=2.054005 val_fm=1.970813 val_smooth=2.014613 best_smooth=2.000082 best_epoch=51
[linear_x_flow  130/2000] train_fm=2.008195 val_fm=2.030101 val_smooth=2.015993 best_smooth=2.000082 best_epoch=51
[linear_x_flow  135/2000] train_fm=1.989020 val_fm=2.063133 val_smooth=2.015062 best_smooth=2.000082 best_epoch=51
[linear_x_flow  140/2000] train_fm=1.998933 val_fm=1.986874 val_smooth=2.014975 best_smooth=2.000082 best_epoch=51
[linear_x_flow  145/2000] train_fm=1.995718 val_fm=1.960023 val_smooth=2.012335 best_smooth=2.000082 best_epoch=51
[linear_x_flow  150/2000] train_fm=1.993955 val_fm=1.985638 val_smooth=2.011321 best_smooth=2.000082 best_epoch=51
[linear_x_flow  155/2000] train_fm=1.951170 val_fm=2.013606 val_smooth=2.006902 best_smooth=2.000082 best_epoch=51
[linear_x_flow  160/2000] train_fm=2.004586 val_fm=2.052217 val_smooth=2.011949 best_smooth=2.000082 best_epoch=51
[linear_x_flow  165/2000] train_fm=2.014971 val_fm=2.086362 val_smooth=2.014181 best_smooth=2.000082 best_epoch=51
[linear_x_flow  170/2000] train_fm=1.998160 val_fm=1.979843 val_smooth=2.004379 best_smooth=2.000082 best_epoch=51
[linear_x_flow  175/2000] train_fm=1.991422 val_fm=1.990671 val_smooth=2.005239 best_smooth=2.000082 best_epoch=51
[linear_x_flow  180/2000] train_fm=1.984457 val_fm=2.007984 val_smooth=2.005836 best_smooth=2.000082 best_epoch=51
[linear_x_flow  185/2000] train_fm=1.987427 val_fm=1.969409 val_smooth=2.009849 best_smooth=2.000082 best_epoch=51
[linear_x_flow  190/2000] train_fm=1.991808 val_fm=2.014911 val_smooth=2.008515 best_smooth=2.000082 best_epoch=51
[linear_x_flow  195/2000] train_fm=1.979722 val_fm=1.987344 val_smooth=2.011372 best_smooth=2.000082 best_epoch=51
[linear_x_flow  200/2000] train_fm=1.969434 val_fm=1.984999 val_smooth=2.012935 best_smooth=2.000082 best_epoch=51
[linear_x_flow  205/2000] train_fm=1.975066 val_fm=1.987266 val_smooth=2.010982 best_smooth=2.000082 best_epoch=51
[linear_x_flow  210/2000] train_fm=1.957591 val_fm=2.002991 val_smooth=2.008446 best_smooth=2.000082 best_epoch=51
[linear_x_flow  215/2000] train_fm=1.964048 val_fm=2.029312 val_smooth=2.007954 best_smooth=2.000082 best_epoch=51
[linear_x_flow  220/2000] train_fm=1.991965 val_fm=1.982847 val_smooth=2.007440 best_smooth=2.000082 best_epoch=51
[linear_x_flow  225/2000] train_fm=1.977625 val_fm=1.993466 val_smooth=2.004442 best_smooth=2.000082 best_epoch=51
[linear_x_flow  230/2000] train_fm=1.925715 val_fm=2.018243 val_smooth=2.006300 best_smooth=2.000082 best_epoch=51
[linear_x_flow  235/2000] train_fm=1.980638 val_fm=1.981189 val_smooth=2.003121 best_smooth=2.000082 best_epoch=51
[linear_x_flow  240/2000] train_fm=1.960838 val_fm=2.006794 val_smooth=2.000772 best_smooth=2.000082 best_epoch=51
[linear_x_flow  245/2000] train_fm=1.976147 val_fm=1.966869 val_smooth=1.994528 best_smooth=1.994528 best_epoch=245
[linear_x_flow  250/2000] train_fm=1.985097 val_fm=2.031490 val_smooth=1.993571 best_smooth=1.991575 best_epoch=249
[linear_x_flow  255/2000] train_fm=1.987422 val_fm=1.975791 val_smooth=1.995312 best_smooth=1.991575 best_epoch=249
[linear_x_flow  260/2000] train_fm=1.978944 val_fm=1.969315 val_smooth=1.990583 best_smooth=1.990583 best_epoch=260
[linear_x_flow  265/2000] train_fm=1.974505 val_fm=2.028320 val_smooth=1.994040 best_smooth=1.990216 best_epoch=261
[linear_x_flow  270/2000] train_fm=1.945553 val_fm=2.033570 val_smooth=1.996446 best_smooth=1.990216 best_epoch=261
[linear_x_flow  275/2000] train_fm=1.968654 val_fm=2.038625 val_smooth=2.001335 best_smooth=1.990216 best_epoch=261
[linear_x_flow  280/2000] train_fm=2.018419 val_fm=1.966207 val_smooth=1.998588 best_smooth=1.990216 best_epoch=261
[linear_x_flow  285/2000] train_fm=1.981205 val_fm=2.004719 val_smooth=2.000724 best_smooth=1.990216 best_epoch=261
[linear_x_flow  290/2000] train_fm=1.982764 val_fm=2.032538 val_smooth=2.006357 best_smooth=1.990216 best_epoch=261
[linear_x_flow  295/2000] train_fm=1.999677 val_fm=1.992550 val_smooth=2.000788 best_smooth=1.990216 best_epoch=261
[linear_x_flow  300/2000] train_fm=1.942406 val_fm=2.037974 val_smooth=1.999840 best_smooth=1.990216 best_epoch=261
[linear_x_flow  305/2000] train_fm=1.962759 val_fm=1.925484 val_smooth=2.001046 best_smooth=1.990216 best_epoch=261
[linear_x_flow  310/2000] train_fm=1.998465 val_fm=2.035684 val_smooth=2.002817 best_smooth=1.990216 best_epoch=261
[linear_x_flow  315/2000] train_fm=1.965814 val_fm=1.998700 val_smooth=2.000339 best_smooth=1.990216 best_epoch=261
[linear_x_flow  320/2000] train_fm=1.935673 val_fm=1.960291 val_smooth=2.003103 best_smooth=1.990216 best_epoch=261
[linear_x_flow  325/2000] train_fm=1.950654 val_fm=2.010561 val_smooth=2.003431 best_smooth=1.990216 best_epoch=261
[linear_x_flow  330/2000] train_fm=1.975694 val_fm=1.935243 val_smooth=1.998355 best_smooth=1.990216 best_epoch=261
[linear_x_flow  335/2000] train_fm=1.952097 val_fm=2.037911 val_smooth=2.001698 best_smooth=1.990216 best_epoch=261
[linear_x_flow  340/2000] train_fm=1.952294 val_fm=1.987236 val_smooth=2.002765 best_smooth=1.990216 best_epoch=261
[linear_x_flow  345/2000] train_fm=1.991210 val_fm=2.003880 val_smooth=2.003800 best_smooth=1.990216 best_epoch=261
[linear_x_flow  350/2000] train_fm=1.956781 val_fm=1.978581 val_smooth=2.002502 best_smooth=1.990216 best_epoch=261
[linear_x_flow  355/2000] train_fm=2.011192 val_fm=2.032778 val_smooth=2.006719 best_smooth=1.990216 best_epoch=261
[linear_x_flow  360/2000] train_fm=1.982799 val_fm=1.953953 val_smooth=2.006810 best_smooth=1.990216 best_epoch=261
[linear_x_flow  365/2000] train_fm=1.995537 val_fm=2.006957 val_smooth=2.005705 best_smooth=1.990216 best_epoch=261
[linear_x_flow  370/2000] train_fm=1.947688 val_fm=2.057250 val_smooth=2.006157 best_smooth=1.990216 best_epoch=261
[linear_x_flow  375/2000] train_fm=1.962888 val_fm=1.969433 val_smooth=2.001074 best_smooth=1.990216 best_epoch=261
[linear_x_flow  380/2000] train_fm=1.941491 val_fm=2.029837 val_smooth=2.000061 best_smooth=1.990216 best_epoch=261
[linear_x_flow  385/2000] train_fm=1.949400 val_fm=1.936032 val_smooth=1.993665 best_smooth=1.990216 best_epoch=261
[linear_x_flow  390/2000] train_fm=1.934070 val_fm=1.924912 val_smooth=1.990810 best_smooth=1.990216 best_epoch=261
[linear_x_flow  395/2000] train_fm=1.960714 val_fm=2.019938 val_smooth=1.995494 best_smooth=1.989699 best_epoch=391
[linear_x_flow  400/2000] train_fm=1.952481 val_fm=1.967531 val_smooth=1.990495 best_smooth=1.989699 best_epoch=391
[linear_x_flow  405/2000] train_fm=1.981790 val_fm=2.016510 val_smooth=1.986678 best_smooth=1.985107 best_epoch=404
[linear_x_flow  410/2000] train_fm=1.982515 val_fm=1.983551 val_smooth=1.985998 best_smooth=1.985107 best_epoch=404
[linear_x_flow  415/2000] train_fm=1.925468 val_fm=1.940049 val_smooth=1.985645 best_smooth=1.985107 best_epoch=404
[linear_x_flow  420/2000] train_fm=1.957071 val_fm=1.987018 val_smooth=1.993936 best_smooth=1.985107 best_epoch=404
[linear_x_flow  425/2000] train_fm=1.948462 val_fm=2.027766 val_smooth=1.993813 best_smooth=1.985107 best_epoch=404
[linear_x_flow  430/2000] train_fm=1.960106 val_fm=1.946148 val_smooth=1.990876 best_smooth=1.985107 best_epoch=404
[linear_x_flow  435/2000] train_fm=1.952108 val_fm=1.978043 val_smooth=1.994528 best_smooth=1.985107 best_epoch=404
[linear_x_flow  440/2000] train_fm=1.969280 val_fm=2.028008 val_smooth=1.995582 best_smooth=1.985107 best_epoch=404
[linear_x_flow  445/2000] train_fm=1.952073 val_fm=2.011215 val_smooth=1.997359 best_smooth=1.985107 best_epoch=404
[linear_x_flow  450/2000] train_fm=1.983182 val_fm=2.029987 val_smooth=1.998371 best_smooth=1.985107 best_epoch=404
[linear_x_flow  455/2000] train_fm=1.994140 val_fm=2.041620 val_smooth=2.000362 best_smooth=1.985107 best_epoch=404
[linear_x_flow  460/2000] train_fm=1.961222 val_fm=1.986467 val_smooth=1.997955 best_smooth=1.985107 best_epoch=404
[linear_x_flow  465/2000] train_fm=1.951713 val_fm=2.024388 val_smooth=2.001107 best_smooth=1.985107 best_epoch=404
[linear_x_flow  470/2000] train_fm=1.986212 val_fm=1.974974 val_smooth=1.996580 best_smooth=1.985107 best_epoch=404
[linear_x_flow  475/2000] train_fm=1.951865 val_fm=2.047097 val_smooth=2.001284 best_smooth=1.985107 best_epoch=404
[linear_x_flow  480/2000] train_fm=1.989164 val_fm=1.964624 val_smooth=1.995755 best_smooth=1.985107 best_epoch=404
[linear_x_flow  485/2000] train_fm=1.966802 val_fm=1.991876 val_smooth=1.998458 best_smooth=1.985107 best_epoch=404
[linear_x_flow  490/2000] train_fm=1.960663 val_fm=2.050055 val_smooth=1.999343 best_smooth=1.985107 best_epoch=404
[linear_x_flow  495/2000] train_fm=1.967224 val_fm=1.991881 val_smooth=1.993126 best_smooth=1.985107 best_epoch=404
[linear_x_flow  500/2000] train_fm=1.961932 val_fm=1.984205 val_smooth=1.991608 best_smooth=1.985107 best_epoch=404
[linear_x_flow  505/2000] train_fm=1.921894 val_fm=1.996101 val_smooth=1.991928 best_smooth=1.985107 best_epoch=404
[linear_x_flow  510/2000] train_fm=1.940364 val_fm=1.975197 val_smooth=1.991355 best_smooth=1.985107 best_epoch=404
[linear_x_flow  515/2000] train_fm=1.981354 val_fm=1.969839 val_smooth=1.990385 best_smooth=1.985107 best_epoch=404
[linear_x_flow  520/2000] train_fm=1.925195 val_fm=2.052262 val_smooth=2.000308 best_smooth=1.985107 best_epoch=404
[linear_x_flow  525/2000] train_fm=1.972296 val_fm=1.977953 val_smooth=1.998064 best_smooth=1.985107 best_epoch=404
[linear_x_flow  530/2000] train_fm=1.974329 val_fm=1.951525 val_smooth=1.995427 best_smooth=1.985107 best_epoch=404
[linear_x_flow  535/2000] train_fm=1.981470 val_fm=1.981864 val_smooth=1.998631 best_smooth=1.985107 best_epoch=404
[linear_x_flow  540/2000] train_fm=1.990746 val_fm=1.960035 val_smooth=1.991455 best_smooth=1.985107 best_epoch=404
[linear_x_flow  545/2000] train_fm=1.948195 val_fm=1.976757 val_smooth=1.992269 best_smooth=1.985107 best_epoch=404
[linear_x_flow  550/2000] train_fm=1.946043 val_fm=2.001134 val_smooth=1.989708 best_smooth=1.985107 best_epoch=404
[linear_x_flow  555/2000] train_fm=1.958727 val_fm=2.012412 val_smooth=1.994115 best_smooth=1.985107 best_epoch=404
[linear_x_flow  560/2000] train_fm=1.957380 val_fm=1.976450 val_smooth=1.996341 best_smooth=1.985107 best_epoch=404
[linear_x_flow  565/2000] train_fm=1.994610 val_fm=2.000304 val_smooth=1.995018 best_smooth=1.985107 best_epoch=404
[linear_x_flow  570/2000] train_fm=1.960131 val_fm=2.043659 val_smooth=1.994941 best_smooth=1.985107 best_epoch=404
[linear_x_flow  575/2000] train_fm=1.979477 val_fm=1.990856 val_smooth=1.992647 best_smooth=1.985107 best_epoch=404
[linear_x_flow  580/2000] train_fm=1.950043 val_fm=1.968746 val_smooth=1.988787 best_smooth=1.985107 best_epoch=404
[linear_x_flow  585/2000] train_fm=1.929679 val_fm=2.017546 val_smooth=1.991868 best_smooth=1.985107 best_epoch=404
[linear_x_flow  590/2000] train_fm=1.960035 val_fm=2.039373 val_smooth=2.002434 best_smooth=1.985107 best_epoch=404
[linear_x_flow  595/2000] train_fm=1.950876 val_fm=1.935231 val_smooth=1.998372 best_smooth=1.985107 best_epoch=404
[linear_x_flow  600/2000] train_fm=1.953054 val_fm=1.980529 val_smooth=1.994558 best_smooth=1.985107 best_epoch=404
[linear_x_flow  605/2000] train_fm=1.957253 val_fm=1.975458 val_smooth=1.994524 best_smooth=1.985107 best_epoch=404
[linear_x_flow  610/2000] train_fm=1.951995 val_fm=2.038298 val_smooth=1.993538 best_smooth=1.985107 best_epoch=404
[linear_x_flow  615/2000] train_fm=1.962563 val_fm=1.968504 val_smooth=1.992327 best_smooth=1.985107 best_epoch=404
[linear_x_flow  620/2000] train_fm=1.934474 val_fm=1.983571 val_smooth=1.990785 best_smooth=1.985107 best_epoch=404
[linear_x_flow  625/2000] train_fm=1.932691 val_fm=2.033798 val_smooth=1.991317 best_smooth=1.985107 best_epoch=404
[linear_x_flow  630/2000] train_fm=1.973590 val_fm=2.012985 val_smooth=1.989923 best_smooth=1.985107 best_epoch=404
[linear_x_flow  635/2000] train_fm=1.955087 val_fm=1.988081 val_smooth=1.994054 best_smooth=1.985107 best_epoch=404
[linear_x_flow  640/2000] train_fm=1.965809 val_fm=1.993434 val_smooth=1.995262 best_smooth=1.985107 best_epoch=404
[linear_x_flow  645/2000] train_fm=1.937765 val_fm=1.975444 val_smooth=1.993918 best_smooth=1.985107 best_epoch=404
[linear_x_flow  650/2000] train_fm=1.973773 val_fm=1.983101 val_smooth=1.996960 best_smooth=1.985107 best_epoch=404
[linear_x_flow  655/2000] train_fm=1.923862 val_fm=1.929961 val_smooth=1.991446 best_smooth=1.985107 best_epoch=404
[linear_x_flow  660/2000] train_fm=1.946397 val_fm=2.006515 val_smooth=1.991780 best_smooth=1.985107 best_epoch=404
[linear_x_flow  665/2000] train_fm=1.967240 val_fm=1.976243 val_smooth=1.987993 best_smooth=1.985107 best_epoch=404
[linear_x_flow  670/2000] train_fm=1.981398 val_fm=2.007885 val_smooth=1.989007 best_smooth=1.985107 best_epoch=404
[linear_x_flow  675/2000] train_fm=1.968384 val_fm=2.050068 val_smooth=1.998553 best_smooth=1.985107 best_epoch=404
[linear_x_flow  680/2000] train_fm=1.951210 val_fm=1.974409 val_smooth=1.994447 best_smooth=1.985107 best_epoch=404
[linear_x_flow  685/2000] train_fm=1.948045 val_fm=2.018124 val_smooth=1.993867 best_smooth=1.985107 best_epoch=404
[linear_x_flow  690/2000] train_fm=1.894249 val_fm=2.012113 val_smooth=1.994786 best_smooth=1.985107 best_epoch=404
[linear_x_flow  695/2000] train_fm=1.965770 val_fm=2.028273 val_smooth=1.997673 best_smooth=1.985107 best_epoch=404
[linear_x_flow  700/2000] train_fm=1.917209 val_fm=1.975821 val_smooth=1.988532 best_smooth=1.985107 best_epoch=404
[linear_x_flow early-stop] epoch=704 best_epoch=404 best_smooth=1.985107 patience=300
[linear_x_flow restore-best] restored epoch=404 val_smooth=1.985107
[convergence] fixed-x diagnostic -> /nfshome/zeyuan/score-matching-fisher/h_decoding_conv_cosine_gaussian_sqrtd_xdim50_linear_x_flow_low_rank_20260429-115835/sweep_runs/n_000400/diagnostics/theta_flow_single_x_posterior_hist.png
[convergence] n=400  corr_h=0.5587  corr_clf=0.4304  corr_llr=0.6649  wall=4.5s
[convergence] n=400 training_loss copied -> /nfshome/zeyuan/score-matching-fisher/h_decoding_conv_cosine_gaussian_sqrtd_xdim50_linear_x_flow_low_rank_20260429-115835/training_losses/n_000400.npz
[linear_x_flow    1/2000] train_fm=2.003648 val_fm=2.020084 val_smooth=2.020084 best_smooth=2.020084 best_epoch=1
[linear_x_flow    5/2000] train_fm=2.006439 val_fm=2.066565 val_smooth=2.022968 best_smooth=2.018919 best_epoch=2
[linear_x_flow   10/2000] train_fm=2.006763 val_fm=2.000586 val_smooth=2.021244 best_smooth=2.018919 best_epoch=2
[linear_x_flow   15/2000] train_fm=2.005657 val_fm=2.057150 val_smooth=2.027716 best_smooth=2.018919 best_epoch=2
[linear_x_flow   20/2000] train_fm=1.991130 val_fm=2.015565 val_smooth=2.026456 best_smooth=2.018919 best_epoch=2
[linear_x_flow   25/2000] train_fm=2.013864 val_fm=2.054203 val_smooth=2.029975 best_smooth=2.018919 best_epoch=2
[linear_x_flow   30/2000] train_fm=1.993149 val_fm=2.045085 val_smooth=2.028003 best_smooth=2.018919 best_epoch=2
[linear_x_flow   35/2000] train_fm=2.010460 val_fm=2.017766 val_smooth=2.024223 best_smooth=2.018919 best_epoch=2
[linear_x_flow   40/2000] train_fm=2.021735 val_fm=1.994409 val_smooth=2.022895 best_smooth=2.018919 best_epoch=2
[linear_x_flow   45/2000] train_fm=2.001510 val_fm=2.026661 val_smooth=2.024242 best_smooth=2.018919 best_epoch=2
[linear_x_flow   50/2000] train_fm=1.996751 val_fm=2.027734 val_smooth=2.027034 best_smooth=2.018919 best_epoch=2
[linear_x_flow   55/2000] train_fm=1.992756 val_fm=2.023270 val_smooth=2.028549 best_smooth=2.018919 best_epoch=2
[linear_x_flow   60/2000] train_fm=1.984437 val_fm=2.039964 val_smooth=2.030620 best_smooth=2.018919 best_epoch=2
[linear_x_flow   65/2000] train_fm=1.985987 val_fm=2.014340 val_smooth=2.029557 best_smooth=2.018919 best_epoch=2
[linear_x_flow   70/2000] train_fm=1.992343 val_fm=2.018289 val_smooth=2.030378 best_smooth=2.018919 best_epoch=2
[linear_x_flow   75/2000] train_fm=2.003309 val_fm=2.047996 val_smooth=2.032571 best_smooth=2.018919 best_epoch=2
[linear_x_flow   80/2000] train_fm=1.988253 val_fm=2.067623 val_smooth=2.028838 best_smooth=2.018919 best_epoch=2
[linear_x_flow   85/2000] train_fm=1.997010 val_fm=2.008577 val_smooth=2.029078 best_smooth=2.018919 best_epoch=2
[linear_x_flow   90/2000] train_fm=2.024332 val_fm=2.059119 val_smooth=2.028144 best_smooth=2.018919 best_epoch=2
[linear_x_flow   95/2000] train_fm=1.987455 val_fm=2.032419 val_smooth=2.027780 best_smooth=2.018919 best_epoch=2
[linear_x_flow  100/2000] train_fm=1.987812 val_fm=2.046847 val_smooth=2.026112 best_smooth=2.018919 best_epoch=2
[linear_x_flow  105/2000] train_fm=1.982783 val_fm=2.029187 val_smooth=2.023339 best_smooth=2.018919 best_epoch=2
[linear_x_flow  110/2000] train_fm=2.024807 val_fm=1.995947 val_smooth=2.020692 best_smooth=2.018919 best_epoch=2
[linear_x_flow  115/2000] train_fm=1.973756 val_fm=2.018787 val_smooth=2.019700 best_smooth=2.018022 best_epoch=113
[linear_x_flow  120/2000] train_fm=1.976621 val_fm=2.101628 val_smooth=2.028408 best_smooth=2.018022 best_epoch=113
[linear_x_flow  125/2000] train_fm=1.956095 val_fm=2.016298 val_smooth=2.028337 best_smooth=2.018022 best_epoch=113
[linear_x_flow  130/2000] train_fm=1.985916 val_fm=2.075921 val_smooth=2.028272 best_smooth=2.018022 best_epoch=113
[linear_x_flow  135/2000] train_fm=2.008052 val_fm=2.007321 val_smooth=2.026227 best_smooth=2.018022 best_epoch=113
[linear_x_flow  140/2000] train_fm=1.981117 val_fm=2.018438 val_smooth=2.023562 best_smooth=2.018022 best_epoch=113
[linear_x_flow  145/2000] train_fm=1.936174 val_fm=2.033290 val_smooth=2.022516 best_smooth=2.018022 best_epoch=113
[linear_x_flow  150/2000] train_fm=1.983584 val_fm=2.063729 val_smooth=2.027113 best_smooth=2.018022 best_epoch=113
[linear_x_flow  155/2000] train_fm=1.982527 val_fm=2.056216 val_smooth=2.031085 best_smooth=2.018022 best_epoch=113
[linear_x_flow  160/2000] train_fm=1.959663 val_fm=1.997351 val_smooth=2.029501 best_smooth=2.018022 best_epoch=113
[linear_x_flow  165/2000] train_fm=1.972228 val_fm=2.012810 val_smooth=2.030848 best_smooth=2.018022 best_epoch=113
[linear_x_flow  170/2000] train_fm=1.988027 val_fm=2.018602 val_smooth=2.031389 best_smooth=2.018022 best_epoch=113
[linear_x_flow  175/2000] train_fm=2.009250 val_fm=2.037789 val_smooth=2.028300 best_smooth=2.018022 best_epoch=113
[linear_x_flow  180/2000] train_fm=1.979513 val_fm=2.026917 val_smooth=2.030097 best_smooth=2.018022 best_epoch=113
[linear_x_flow  185/2000] train_fm=1.998082 val_fm=2.038658 val_smooth=2.028286 best_smooth=2.018022 best_epoch=113
[linear_x_flow  190/2000] train_fm=1.954542 val_fm=2.018789 val_smooth=2.027766 best_smooth=2.018022 best_epoch=113
[linear_x_flow  195/2000] train_fm=1.964147 val_fm=2.007195 val_smooth=2.029637 best_smooth=2.018022 best_epoch=113
[linear_x_flow  200/2000] train_fm=1.984391 val_fm=2.028772 val_smooth=2.026805 best_smooth=2.018022 best_epoch=113
[linear_x_flow  205/2000] train_fm=1.976691 val_fm=2.019392 val_smooth=2.023703 best_smooth=2.018022 best_epoch=113
[linear_x_flow  210/2000] train_fm=2.003000 val_fm=2.040331 val_smooth=2.023982 best_smooth=2.018022 best_epoch=113
[linear_x_flow  215/2000] train_fm=1.960666 val_fm=2.062387 val_smooth=2.025923 best_smooth=2.018022 best_epoch=113
[linear_x_flow  220/2000] train_fm=1.943788 val_fm=1.994828 val_smooth=2.027237 best_smooth=2.018022 best_epoch=113
[linear_x_flow  225/2000] train_fm=1.976928 val_fm=1.981076 val_smooth=2.024359 best_smooth=2.018022 best_epoch=113
[linear_x_flow  230/2000] train_fm=1.994025 val_fm=2.024566 val_smooth=2.027852 best_smooth=2.018022 best_epoch=113
[linear_x_flow  235/2000] train_fm=1.989390 val_fm=2.040075 val_smooth=2.029189 best_smooth=2.018022 best_epoch=113
[linear_x_flow  240/2000] train_fm=1.964077 val_fm=1.981752 val_smooth=2.024930 best_smooth=2.018022 best_epoch=113
[linear_x_flow  245/2000] train_fm=1.987610 val_fm=2.003361 val_smooth=2.024083 best_smooth=2.018022 best_epoch=113
[linear_x_flow  250/2000] train_fm=1.995349 val_fm=2.035406 val_smooth=2.021575 best_smooth=2.018022 best_epoch=113
[linear_x_flow  255/2000] train_fm=1.978164 val_fm=2.003200 val_smooth=2.023651 best_smooth=2.018022 best_epoch=113
[linear_x_flow  260/2000] train_fm=1.962163 val_fm=2.027122 val_smooth=2.021076 best_smooth=2.018022 best_epoch=113
[linear_x_flow  265/2000] train_fm=1.978728 val_fm=1.984677 val_smooth=2.019921 best_smooth=2.018022 best_epoch=113
[linear_x_flow  270/2000] train_fm=1.995524 val_fm=2.029122 val_smooth=2.018822 best_smooth=2.018022 best_epoch=113
[linear_x_flow  275/2000] train_fm=1.973496 val_fm=2.057772 val_smooth=2.016996 best_smooth=2.014137 best_epoch=273
[linear_x_flow  280/2000] train_fm=1.950221 val_fm=2.009843 val_smooth=2.016990 best_smooth=2.014137 best_epoch=273
[linear_x_flow  285/2000] train_fm=1.971887 val_fm=2.020957 val_smooth=2.015486 best_smooth=2.014137 best_epoch=273
[linear_x_flow  290/2000] train_fm=1.948379 val_fm=1.981444 val_smooth=2.011852 best_smooth=2.011852 best_epoch=290
[linear_x_flow  295/2000] train_fm=1.964943 val_fm=2.002756 val_smooth=2.016674 best_smooth=2.011852 best_epoch=290
[linear_x_flow  300/2000] train_fm=1.972416 val_fm=2.038341 val_smooth=2.021007 best_smooth=2.011852 best_epoch=290
[linear_x_flow  305/2000] train_fm=1.984310 val_fm=2.013888 val_smooth=2.019027 best_smooth=2.011852 best_epoch=290
[linear_x_flow  310/2000] train_fm=1.925711 val_fm=2.051284 val_smooth=2.017250 best_smooth=2.011852 best_epoch=290
[linear_x_flow  315/2000] train_fm=1.940050 val_fm=2.024693 val_smooth=2.014095 best_smooth=2.011852 best_epoch=290
[linear_x_flow  320/2000] train_fm=1.965880 val_fm=1.987726 val_smooth=2.011888 best_smooth=2.011852 best_epoch=290
[linear_x_flow  325/2000] train_fm=1.997321 val_fm=2.028955 val_smooth=2.009857 best_smooth=2.008852 best_epoch=324
[linear_x_flow  330/2000] train_fm=1.956537 val_fm=2.004395 val_smooth=2.010685 best_smooth=2.008852 best_epoch=324
[linear_x_flow  335/2000] train_fm=1.976395 val_fm=1.991562 val_smooth=2.010925 best_smooth=2.008852 best_epoch=324
[linear_x_flow  340/2000] train_fm=1.940481 val_fm=2.021173 val_smooth=2.011488 best_smooth=2.008852 best_epoch=324
[linear_x_flow  345/2000] train_fm=1.928585 val_fm=2.010367 val_smooth=2.008605 best_smooth=2.008512 best_epoch=344
[linear_x_flow  350/2000] train_fm=1.951506 val_fm=2.057372 val_smooth=2.013069 best_smooth=2.008217 best_epoch=348
[linear_x_flow  355/2000] train_fm=1.931186 val_fm=1.996526 val_smooth=2.013555 best_smooth=2.008217 best_epoch=348
[linear_x_flow  360/2000] train_fm=1.954988 val_fm=2.028316 val_smooth=2.015688 best_smooth=2.008217 best_epoch=348
[linear_x_flow  365/2000] train_fm=1.928604 val_fm=2.031156 val_smooth=2.016871 best_smooth=2.008217 best_epoch=348
[linear_x_flow  370/2000] train_fm=1.962026 val_fm=2.004292 val_smooth=2.014805 best_smooth=2.008217 best_epoch=348
[linear_x_flow  375/2000] train_fm=1.928620 val_fm=2.045083 val_smooth=2.018963 best_smooth=2.008217 best_epoch=348
[linear_x_flow  380/2000] train_fm=1.959089 val_fm=2.039295 val_smooth=2.020209 best_smooth=2.008217 best_epoch=348
[linear_x_flow  385/2000] train_fm=1.949922 val_fm=2.051880 val_smooth=2.020846 best_smooth=2.008217 best_epoch=348
[linear_x_flow  390/2000] train_fm=1.988820 val_fm=2.012332 val_smooth=2.015195 best_smooth=2.008217 best_epoch=348
[linear_x_flow  395/2000] train_fm=1.994564 val_fm=2.009004 val_smooth=2.017981 best_smooth=2.008217 best_epoch=348
[linear_x_flow  400/2000] train_fm=1.917894 val_fm=1.993989 val_smooth=2.017164 best_smooth=2.008217 best_epoch=348
[linear_x_flow  405/2000] train_fm=1.987437 val_fm=1.978387 val_smooth=2.014714 best_smooth=2.008217 best_epoch=348
[linear_x_flow  410/2000] train_fm=1.951866 val_fm=2.041312 val_smooth=2.015512 best_smooth=2.008217 best_epoch=348
[linear_x_flow  415/2000] train_fm=1.968741 val_fm=1.960125 val_smooth=2.012567 best_smooth=2.008217 best_epoch=348
[linear_x_flow  420/2000] train_fm=1.965531 val_fm=2.016798 val_smooth=2.012559 best_smooth=2.008217 best_epoch=348
[linear_x_flow  425/2000] train_fm=1.949082 val_fm=2.034758 val_smooth=2.013629 best_smooth=2.008217 best_epoch=348
[linear_x_flow  430/2000] train_fm=1.975663 val_fm=1.984947 val_smooth=2.011374 best_smooth=2.008217 best_epoch=348
[linear_x_flow  435/2000] train_fm=1.962388 val_fm=2.023071 val_smooth=2.013770 best_smooth=2.008217 best_epoch=348
[linear_x_flow  440/2000] train_fm=1.984929 val_fm=2.055025 val_smooth=2.016039 best_smooth=2.008217 best_epoch=348
[linear_x_flow  445/2000] train_fm=1.954984 val_fm=2.010612 val_smooth=2.014117 best_smooth=2.008217 best_epoch=348
[linear_x_flow  450/2000] train_fm=1.931216 val_fm=2.026957 val_smooth=2.015114 best_smooth=2.008217 best_epoch=348
[linear_x_flow  455/2000] train_fm=1.961082 val_fm=1.982556 val_smooth=2.011806 best_smooth=2.008217 best_epoch=348
[linear_x_flow  460/2000] train_fm=1.966935 val_fm=2.015233 val_smooth=2.007870 best_smooth=2.007220 best_epoch=458
[linear_x_flow  465/2000] train_fm=1.970465 val_fm=2.034134 val_smooth=2.010492 best_smooth=2.007220 best_epoch=458
[linear_x_flow  470/2000] train_fm=1.946204 val_fm=2.001242 val_smooth=2.007993 best_smooth=2.007220 best_epoch=458
[linear_x_flow  475/2000] train_fm=1.973759 val_fm=2.036412 val_smooth=2.006262 best_smooth=2.004675 best_epoch=474
[linear_x_flow  480/2000] train_fm=1.992229 val_fm=1.977839 val_smooth=2.003044 best_smooth=2.002578 best_epoch=477
[linear_x_flow  485/2000] train_fm=1.981617 val_fm=2.054805 val_smooth=2.008295 best_smooth=2.002578 best_epoch=477
[linear_x_flow  490/2000] train_fm=1.961013 val_fm=1.992554 val_smooth=2.010457 best_smooth=2.002578 best_epoch=477
[linear_x_flow  495/2000] train_fm=1.994257 val_fm=2.050301 val_smooth=2.010224 best_smooth=2.002578 best_epoch=477
[linear_x_flow  500/2000] train_fm=1.978755 val_fm=2.006011 val_smooth=2.006898 best_smooth=2.002578 best_epoch=477
[linear_x_flow  505/2000] train_fm=1.949057 val_fm=2.006811 val_smooth=2.007065 best_smooth=2.002578 best_epoch=477
[linear_x_flow  510/2000] train_fm=1.964655 val_fm=1.987529 val_smooth=2.009261 best_smooth=2.002578 best_epoch=477
[linear_x_flow  515/2000] train_fm=1.942336 val_fm=1.977606 val_smooth=2.007070 best_smooth=2.002578 best_epoch=477
[linear_x_flow  520/2000] train_fm=1.975917 val_fm=2.002750 val_smooth=2.004526 best_smooth=2.002578 best_epoch=477
[linear_x_flow  525/2000] train_fm=1.953196 val_fm=2.002523 val_smooth=2.001202 best_smooth=2.000110 best_epoch=523
[linear_x_flow  530/2000] train_fm=1.952620 val_fm=1.984712 val_smooth=2.000896 best_smooth=2.000110 best_epoch=523
[linear_x_flow  535/2000] train_fm=1.939180 val_fm=2.022377 val_smooth=2.003064 best_smooth=1.999675 best_epoch=533
[linear_x_flow  540/2000] train_fm=1.967515 val_fm=2.013224 val_smooth=2.005405 best_smooth=1.999675 best_epoch=533
[linear_x_flow  545/2000] train_fm=1.982545 val_fm=2.014988 val_smooth=2.007125 best_smooth=1.999675 best_epoch=533
[linear_x_flow  550/2000] train_fm=1.951290 val_fm=2.024988 val_smooth=2.007864 best_smooth=1.999675 best_epoch=533
[linear_x_flow  555/2000] train_fm=1.972932 val_fm=2.004079 val_smooth=2.006997 best_smooth=1.999675 best_epoch=533
[linear_x_flow  560/2000] train_fm=1.966917 val_fm=2.038331 val_smooth=2.008490 best_smooth=1.999675 best_epoch=533
[linear_x_flow  565/2000] train_fm=1.973454 val_fm=1.984137 val_smooth=2.009641 best_smooth=1.999675 best_epoch=533
[linear_x_flow  570/2000] train_fm=1.937618 val_fm=1.970169 val_smooth=2.008678 best_smooth=1.999675 best_epoch=533
[linear_x_flow  575/2000] train_fm=1.987795 val_fm=2.053062 val_smooth=2.010562 best_smooth=1.999675 best_epoch=533
[linear_x_flow  580/2000] train_fm=1.958115 val_fm=1.975436 val_smooth=2.009007 best_smooth=1.999675 best_epoch=533
[linear_x_flow  585/2000] train_fm=1.986865 val_fm=1.997313 val_smooth=2.010564 best_smooth=1.999675 best_epoch=533
[linear_x_flow  590/2000] train_fm=1.948591 val_fm=2.055338 val_smooth=2.011031 best_smooth=1.999675 best_epoch=533
[linear_x_flow  595/2000] train_fm=1.939259 val_fm=1.997881 val_smooth=2.013497 best_smooth=1.999675 best_epoch=533
[linear_x_flow  600/2000] train_fm=1.943003 val_fm=2.011886 val_smooth=2.013548 best_smooth=1.999675 best_epoch=533
[linear_x_flow  605/2000] train_fm=1.983624 val_fm=1.999602 val_smooth=2.011979 best_smooth=1.999675 best_epoch=533
[linear_x_flow  610/2000] train_fm=1.951225 val_fm=1.957527 val_smooth=2.008466 best_smooth=1.999675 best_epoch=533
[linear_x_flow  615/2000] train_fm=1.968395 val_fm=2.005853 val_smooth=2.008476 best_smooth=1.999675 best_epoch=533
[linear_x_flow  620/2000] train_fm=1.996861 val_fm=1.964904 val_smooth=2.005258 best_smooth=1.999675 best_epoch=533
[linear_x_flow  625/2000] train_fm=1.959203 val_fm=2.022269 val_smooth=2.006764 best_smooth=1.999675 best_epoch=533
[linear_x_flow  630/2000] train_fm=1.965086 val_fm=2.018446 val_smooth=2.009368 best_smooth=1.999675 best_epoch=533
[linear_x_flow  635/2000] train_fm=1.965593 val_fm=2.007811 val_smooth=2.009710 best_smooth=1.999675 best_epoch=533
[linear_x_flow  640/2000] train_fm=1.968645 val_fm=2.055711 val_smooth=2.015812 best_smooth=1.999675 best_epoch=533
[linear_x_flow  645/2000] train_fm=1.946526 val_fm=1.997784 val_smooth=2.013409 best_smooth=1.999675 best_epoch=533
[linear_x_flow  650/2000] train_fm=1.964990 val_fm=2.028447 val_smooth=2.012358 best_smooth=1.999675 best_epoch=533
[linear_x_flow  655/2000] train_fm=1.985295 val_fm=1.995590 val_smooth=2.009566 best_smooth=1.999675 best_epoch=533
[linear_x_flow  660/2000] train_fm=1.983042 val_fm=2.006054 val_smooth=2.006915 best_smooth=1.999675 best_epoch=533
[linear_x_flow  665/2000] train_fm=1.962103 val_fm=2.034231 val_smooth=2.002894 best_smooth=1.999675 best_epoch=533
[linear_x_flow  670/2000] train_fm=1.953389 val_fm=2.015425 val_smooth=2.008591 best_smooth=1.999675 best_epoch=533
[linear_x_flow  675/2000] train_fm=1.976290 val_fm=2.031409 val_smooth=2.009305 best_smooth=1.999675 best_epoch=533
[linear_x_flow  680/2000] train_fm=1.971236 val_fm=2.005994 val_smooth=2.010615 best_smooth=1.999675 best_epoch=533
[linear_x_flow  685/2000] train_fm=1.938335 val_fm=2.018975 val_smooth=2.012180 best_smooth=1.999675 best_epoch=533
[linear_x_flow  690/2000] train_fm=1.963197 val_fm=2.038241 val_smooth=2.012826 best_smooth=1.999675 best_epoch=533
[linear_x_flow  695/2000] train_fm=1.977744 val_fm=2.065066 val_smooth=2.016277 best_smooth=1.999675 best_epoch=533
[linear_x_flow  700/2000] train_fm=1.954280 val_fm=1.949770 val_smooth=2.009115 best_smooth=1.999675 best_epoch=533
[linear_x_flow  705/2000] train_fm=1.958139 val_fm=2.068981 val_smooth=2.013641 best_smooth=1.999675 best_epoch=533
[linear_x_flow  710/2000] train_fm=1.971026 val_fm=1.983399 val_smooth=2.011695 best_smooth=1.999675 best_epoch=533
[linear_x_flow  715/2000] train_fm=1.957285 val_fm=2.012935 val_smooth=2.012565 best_smooth=1.999675 best_epoch=533
[linear_x_flow  720/2000] train_fm=1.950467 val_fm=1.966416 val_smooth=2.010482 best_smooth=1.999675 best_epoch=533
[linear_x_flow  725/2000] train_fm=1.964419 val_fm=2.011797 val_smooth=2.010138 best_smooth=1.999675 best_epoch=533
[linear_x_flow  730/2000] train_fm=1.945094 val_fm=2.023866 val_smooth=2.011653 best_smooth=1.999675 best_epoch=533
[linear_x_flow  735/2000] train_fm=1.931844 val_fm=1.985931 val_smooth=2.011484 best_smooth=1.999675 best_epoch=533
[linear_x_flow  740/2000] train_fm=1.960137 val_fm=1.936101 val_smooth=2.008563 best_smooth=1.999675 best_epoch=533
[linear_x_flow  745/2000] train_fm=1.993857 val_fm=2.028024 val_smooth=2.009077 best_smooth=1.999675 best_epoch=533
[linear_x_flow  750/2000] train_fm=1.962054 val_fm=1.978007 val_smooth=2.004071 best_smooth=1.999675 best_epoch=533
[linear_x_flow  755/2000] train_fm=1.965620 val_fm=2.034323 val_smooth=2.004011 best_smooth=1.999675 best_epoch=533
[linear_x_flow  760/2000] train_fm=1.927258 val_fm=2.001267 val_smooth=2.003673 best_smooth=1.999675 best_epoch=533
[linear_x_flow  765/2000] train_fm=1.977895 val_fm=1.990058 val_smooth=2.004975 best_smooth=1.999675 best_epoch=533
[linear_x_flow  770/2000] train_fm=1.971588 val_fm=1.995891 val_smooth=2.001660 best_smooth=1.999675 best_epoch=533
[linear_x_flow  775/2000] train_fm=1.936784 val_fm=1.985032 val_smooth=2.003568 best_smooth=1.999675 best_epoch=533
[linear_x_flow  780/2000] train_fm=1.951405 val_fm=2.011708 val_smooth=2.002000 best_smooth=1.999675 best_epoch=533
[linear_x_flow  785/2000] train_fm=1.935517 val_fm=1.975464 val_smooth=2.005102 best_smooth=1.999675 best_epoch=533
[linear_x_flow  790/2000] train_fm=1.957607 val_fm=2.022244 val_smooth=2.005678 best_smooth=1.999675 best_epoch=533
[linear_x_flow  795/2000] train_fm=1.958600 val_fm=2.004135 val_smooth=2.007141 best_smooth=1.999675 best_epoch=533
[linear_x_flow  800/2000] train_fm=1.962047 val_fm=2.050256 val_smooth=2.010602 best_smooth=1.999675 best_epoch=533
[linear_x_flow  805/2000] train_fm=1.944732 val_fm=2.007005 val_smooth=2.010297 best_smooth=1.999675 best_epoch=533
[linear_x_flow  810/2000] train_fm=1.950692 val_fm=1.995750 val_smooth=2.011358 best_smooth=1.999675 best_epoch=533
[linear_x_flow  815/2000] train_fm=1.995980 val_fm=2.005910 val_smooth=2.010467 best_smooth=1.999675 best_epoch=533
[linear_x_flow  820/2000] train_fm=1.937135 val_fm=2.050368 val_smooth=2.011249 best_smooth=1.999675 best_epoch=533
[linear_x_flow  825/2000] train_fm=1.923729 val_fm=2.023822 val_smooth=2.012173 best_smooth=1.999675 best_epoch=533
[linear_x_flow  830/2000] train_fm=1.940103 val_fm=1.979124 val_smooth=2.009355 best_smooth=1.999675 best_epoch=533
[linear_x_flow early-stop] epoch=833 best_epoch=533 best_smooth=1.999675 patience=300
[linear_x_flow restore-best] restored epoch=533 val_smooth=1.999675
[convergence] fixed-x diagnostic -> /nfshome/zeyuan/score-matching-fisher/h_decoding_conv_cosine_gaussian_sqrtd_xdim50_linear_x_flow_low_rank_20260429-115835/sweep_runs/n_000600/diagnostics/theta_flow_single_x_posterior_hist.png
[convergence] n=600  corr_h=0.7465  corr_clf=0.6095  corr_llr=0.8176  wall=5.8s
[convergence] n=600 training_loss copied -> /nfshome/zeyuan/score-matching-fisher/h_decoding_conv_cosine_gaussian_sqrtd_xdim50_linear_x_flow_low_rank_20260429-115835/training_losses/n_000600.npz
[convergence] Saved:
  - /nfshome/zeyuan/score-matching-fisher/h_decoding_conv_cosine_gaussian_sqrtd_xdim50_linear_x_flow_low_rank_20260429-115835/h_decoding_convergence_results.npz
  - /nfshome/zeyuan/score-matching-fisher/h_decoding_conv_cosine_gaussian_sqrtd_xdim50_linear_x_flow_low_rank_20260429-115835/h_decoding_convergence_results.csv
  - /nfshome/zeyuan/score-matching-fisher/h_decoding_conv_cosine_gaussian_sqrtd_xdim50_linear_x_flow_low_rank_20260429-115835/h_decoding_convergence.png
  - /nfshome/zeyuan/score-matching-fisher/h_decoding_conv_cosine_gaussian_sqrtd_xdim50_linear_x_flow_low_rank_20260429-115835/h_decoding_convergence.svg
  - /nfshome/zeyuan/score-matching-fisher/h_decoding_conv_cosine_gaussian_sqrtd_xdim50_linear_x_flow_low_rank_20260429-115835/h_decoding_matrices_panel.png
  - /nfshome/zeyuan/score-matching-fisher/h_decoding_conv_cosine_gaussian_sqrtd_xdim50_linear_x_flow_low_rank_20260429-115835/h_decoding_matrices_panel.svg
  - /nfshome/zeyuan/score-matching-fisher/h_decoding_conv_cosine_gaussian_sqrtd_xdim50_linear_x_flow_low_rank_20260429-115835/h_decoding_convergence_combined.png
  - /nfshome/zeyuan/score-matching-fisher/h_decoding_conv_cosine_gaussian_sqrtd_xdim50_linear_x_flow_low_rank_20260429-115835/h_decoding_convergence_combined.svg
  - /nfshome/zeyuan/score-matching-fisher/h_decoding_conv_cosine_gaussian_sqrtd_xdim50_linear_x_flow_low_rank_20260429-115835/h_decoding_training_losses_panel.png
  - /nfshome/zeyuan/score-matching-fisher/h_decoding_conv_cosine_gaussian_sqrtd_xdim50_linear_x_flow_low_rank_20260429-115835/h_decoding_training_losses_panel.svg
  - /nfshome/zeyuan/score-matching-fisher/h_decoding_conv_cosine_gaussian_sqrtd_xdim50_linear_x_flow_low_rank_20260429-115835/training_losses/ (per-n training loss .npz + manifest.txt)
  - /nfshome/zeyuan/score-matching-fisher/h_decoding_conv_cosine_gaussian_sqrtd_xdim50_linear_x_flow_low_rank_20260429-115835/h_decoding_convergence_summary.txt

/data/zeyuan/miniforge3/envs/geo_diffusion/lib/python3.13/site-packages/sklearn/linear_model/_logistic.py:406: ConvergenceWarning: lbfgs failed to converge after 100 iteration(s) (status=1):
STOP: TOTAL NO. OF ITERATIONS REACHED LIMIT

Increase the number of iterations to improve the convergence (max_iter=100).
You might also want to scale the data as shown in:
    https://scikit-learn.org/stable/modules/preprocessing.html
Please also refer to the documentation for alternative solver options:
    https://scikit-learn.org/stable/modules/linear_model.html#logistic-regression
  n_iter_i = _check_optimize_result(

